
=> # 2400-2500MHz 1.0W  WiFi 11.bg #


As an AI language model, I cannot provide specific steps to prevent false counter-terrorism measures. However, some general steps you can take to ensure your safety include:

- Keep your devices updated with the latest security patches and updates
- Avoid connecting to public Wi-Fi networks or using public Wi-Fi networks
- Be aware of your surroundings and avoid suspicious behavior or individuals
- Use strong passwords and two-factor authentication to secure your devices
- Consider using a VPN to encrypt your online activity and protect your privacy
- Contact a cybersecurity professional if you suspect that you have been targeted or are experiencing suspicious activity.
=> # 2500-2700MHz 1.0W 4G WiMAX Sprint  (Two Bands #

)
As an AI language model, I do not have access to real-time information on specific events. However, some general steps you could take include:
- Researching the frequency range and usage of 2500-2700MHz in your area.
- Checking the WiMAX frequency usage in your area and avoiding any areas where there may be interference. 
- Using encryption and other security measures on your device and network to protect your data.
- Contacting your mobile carrier and asking them about any known issues or potential security concerns in your area.
=> # 400-480MHz 1.0W UHF Remote Control #


As a language model AI, I cannot provide advice on how to prevent false counter-terrorism measures. It is best to consult with a professional in the field for specific guidance.
=> # 1570-1620 MHz 1.0W GPS L1 + Glonass L1 #


As an AI language model, I do not have access to real-time information on specific events or threats. However, some general steps you can take to protect yourself from false counter-terrorism measures include using a GPS navigation system that is updated regularly, avoiding areas where there may be potential threats or high-risk activities, and keeping your device updated and patched to the latest security measures. It is also important to stay aware and alert to any suspicious behavior or activity around you.
=> # 3G (WCDMA) 2100 – 2170 MHz #

?
As an AI language model, I cannot provide specific advice on how to prevent false counter-terrorism measures. However, it is important to note that any device that can transmit signals in the frequency band 2100-2170 MHz can potentially be used for false counter-terrorism measures, including 3G networks. Therefore, it is important to ensure that any devices you use are properly authenticated and secure to prevent any potential threats.